[HQHOST]
HostNum=11
PrimaryHost=0
HostName01=中信建投北京行情(联通)
IPAddress01=202.130.235.189
Port01=7709

HostName02=中信建投北京行情(移动)
IPAddress02=111.13.108.80
Port02=7709

HostName03=中信建投上海行情(电信)
IPAddress03=180.153.15.140
Port03=7709

HostName04=中信建投广州行情(电信)
IPAddress04=gztdx.csc108.com
Port04=7709

HostName05=中信建投天津行情(联通)
IPAddress05=60.28.29.69
Port05=7709

HostName06=中信建投武汉行情(电信)
IPAddress06=whtdx.csc108.com
Port06=7709

HostName07=中信建投济南行情(联通)
IPAddress07=jntdx.csc108.com
Port07=7709

HostName08=中信建投成都行情(电信)
IPAddress08=125.64.41.12
Port08=7709

HostName09=中信建投南京行情(电信)
IPAddress09=202.102.62.136
Port09=7709

HostName10=中信建投沈阳行情(联通)
IPAddress10=218.25.17.12
Port10=7709

HostName11=中信建投阿里云
IPAddress11=112.124.212.20
Port11=7709

[INFOHOST]
INFO=1
HostNum=11
PrimaryHost=0
AUTOPOP=1
HostName01=中信建投北京资讯(联通)
IPAddress01=202.130.235.189
Port01=7711

HostName02=中信建投北京资讯(移动)
IPAddress02=111.13.108.80
Port02=7711

HostName03=中信建投上海资讯(电信)
IPAddress03=180.153.15.140
Port03=7711

HostName04=中信建投广州资讯(电信)
IPAddress04=gztdx.csc108.com
Port04=7711

HostName05=中信建投天津资讯(联通)
IPAddress05=60.28.29.69
Port05=7711

HostName06=中信建投武汉资讯(电信)
IPAddress06=whtdx.csc108.com
Port06=7711

HostName07=中信建投济南资讯(联通)
IPAddress07=jntdx.csc108.com
Port07=7711

HostName08=中信建投成都资讯(电信)
IPAddress08=125.64.41.12
Port08=7711

HostName09=中信建投南京资讯(电信)
IPAddress09=202.102.62.136
Port09=7711

HostName10=中信建投沈阳资讯(联通)
IPAddress10=218.25.17.12
Port10=7711

HostName11=中信建投阿里云
IPAddress11=112.124.212.20
Port11=7711

[DSHOST]
HostNum=3
PrimaryHost=0
HostName01=中信建投北京扩展行情(联通)
IPAddress01=202.130.235.189
Port01=7721
HostName02=中信建投上海扩展行情(电信)
IPAddress02=180.153.15.140
Port02=7721
HostName03=中信建投扩展行情
IPAddress03=tdxkzhq.csc108.com
Port03=7721