#*tdxmail*#
2015-05-11,01:21 通达信预警通知 [方盛制药(603998) 涨幅:2.75%]
方盛制药(603998) 39.96,5天3次倍量

通达信移动版,全新设计的专业证券投资软件...
iPad版下载:http://itunes.apple.com/cn/app/tong-da-xinhd/id617199309?mt=8 安卓手机版:http://www.tdx.com.cn/products/autoup/mobile/tdx_gphone.apk
#*tdxmail*#
2015-05-11,01:23 通达信预警通知 [海达股份(300320) 涨幅:6.36%]
海达股份(300320) 33.29,5天3次倍量

通达信移动版,全新设计的专业证券投资软件...
iPad版下载:http://itunes.apple.com/cn/app/tong-da-xinhd/id617199309?mt=8 安卓手机版:http://www.tdx.com.cn/products/autoup/mobile/tdx_gphone.apk
#*tdxmail*#
2015-05-11,01:23 通达信预警通知 [康芝药业(300086) 涨幅:5.82%]
康芝药业(300086) 30.16,5天3次倍量

通达信移动版,全新设计的专业证券投资软件...
iPad版下载:http://itunes.apple.com/cn/app/tong-da-xinhd/id617199309?mt=8 安卓手机版:http://www.tdx.com.cn/products/autoup/mobile/tdx_gphone.apk
#*tdxmail*#
2015-05-11,01:23 通达信预警通知 [海欣食品(002702) 涨幅:7.08%]
海欣食品(002702) 18.91,5天3次倍量

通达信移动版,全新设计的专业证券投资软件...
iPad版下载:http://itunes.apple.com/cn/app/tong-da-xinhd/id617199309?mt=8 安卓手机版:http://www.tdx.com.cn/products/autoup/mobile/tdx_gphone.apk
#*tdxmail*#
2015-05-11,01:23 通达信预警通知 [八菱科技(002592) 涨幅:3.73%]
八菱科技(002592) 28.07,5天3次倍量

通达信移动版,全新设计的专业证券投资软件...
iPad版下载:http://itunes.apple.com/cn/app/tong-da-xinhd/id617199309?mt=8 安卓手机版:http://www.tdx.com.cn/products/autoup/mobile/tdx_gphone.apk
#*tdxmail*#
2015-05-11,01:23 通达信预警通知 [双环传动(002472) 涨幅:10.01%]
双环传动(002472) 22.85,5天3次倍量

通达信移动版,全新设计的专业证券投资软件...
iPad版下载:http://itunes.apple.com/cn/app/tong-da-xinhd/id617199309?mt=8 安卓手机版:http://www.tdx.com.cn/products/autoup/mobile/tdx_gphone.apk
#*tdxmail*#
2015-05-11,01:23 通达信预警通知 [浩宁达(002356) 涨幅:9.99%]
浩宁达(002356) 28.63,5天3次倍量

通达信移动版,全新设计的专业证券投资软件...
iPad版下载:http://itunes.apple.com/cn/app/tong-da-xinhd/id617199309?mt=8 安卓手机版:http://www.tdx.com.cn/products/autoup/mobile/tdx_gphone.apk
#*tdxmail*#
2015-05-11,01:23 通达信预警通知 [丽鹏股份(002374) 涨幅:3.81%]
丽鹏股份(002374) 21.80,5天3次倍量

通达信移动版,全新设计的专业证券投资软件...
iPad版下载:http://itunes.apple.com/cn/app/tong-da-xinhd/id617199309?mt=8 安卓手机版:http://www.tdx.com.cn/products/autoup/mobile/tdx_gphone.apk
#*tdxmail*#
2015-05-11,01:23 通达信预警通知 [天威视讯(002238) 涨幅:7.37%]
天威视讯(002238) 30.00,5天3次倍量

通达信移动版,全新设计的专业证券投资软件...
iPad版下载:http://itunes.apple.com/cn/app/tong-da-xinhd/id617199309?mt=8 安卓手机版:http://www.tdx.com.cn/products/autoup/mobile/tdx_gphone.apk
#*tdxmail*#
2015-05-11,01:24 通达信预警通知 [兰州黄河(000929) 涨幅:2.70%]
兰州黄河(000929) 17.85,5天3次倍量

通达信移动版,全新设计的专业证券投资软件...
iPad版下载:http://itunes.apple.com/cn/app/tong-da-xinhd/id617199309?mt=8 安卓手机版:http://www.tdx.com.cn/products/autoup/mobile/tdx_gphone.apk
#*tdxmail*#
2015-05-11,01:24 通达信预警通知 [当代东方(000673) 涨幅:7.66%]
当代东方(000673) 28.39,5天3次倍量

通达信移动版,全新设计的专业证券投资软件...
iPad版下载:http://itunes.apple.com/cn/app/tong-da-xinhd/id617199309?mt=8 安卓手机版:http://www.tdx.com.cn/products/autoup/mobile/tdx_gphone.apk
#*tdxmail*#
2015-05-11,01:24 通达信预警通知 [飞亚达Ａ(000026) 涨幅:7.21%]
飞亚达Ａ(000026) 18.14,5天3次倍量

通达信移动版,全新设计的专业证券投资软件...
iPad版下载:http://itunes.apple.com/cn/app/tong-da-xinhd/id617199309?mt=8 安卓手机版:http://www.tdx.com.cn/products/autoup/mobile/tdx_gphone.apk
#*tdxmail*#
2015-05-13,17:40 通达信预警通知 [京城股份(600860) 涨幅:3.00%]
京城股份(600860) 12.02,5天3次倍量

通达信移动版,全新设计的专业证券投资软件...
iPad版下载:http://itunes.apple.com/cn/app/tong-da-xinhd/id617199309?mt=8 安卓手机版:http://www.tdx.com.cn/products/autoup/mobile/tdx_gphone.apk
#*tdxmail*#
2015-05-13,17:41 通达信预警通知 [哈高科(600095) 涨幅:1.64%]
哈高科(600095) 13.02,5天3次倍量

通达信移动版,全新设计的专业证券投资软件...
iPad版下载:http://itunes.apple.com/cn/app/tong-da-xinhd/id617199309?mt=8 安卓手机版:http://www.tdx.com.cn/products/autoup/mobile/tdx_gphone.apk
#*tdxmail*#
2015-05-13,17:41 通达信预警通知 [暴风科技(300431) 涨幅:10.00%]
暴风科技(300431) 252.86,5天3次倍量

通达信移动版,全新设计的专业证券投资软件...
iPad版下载:http://itunes.apple.com/cn/app/tong-da-xinhd/id617199309?mt=8 安卓手机版:http://www.tdx.com.cn/products/autoup/mobile/tdx_gphone.apk
#*tdxmail*#
2015-05-13,17:41 通达信预警通知 [联创节能(300343) 涨幅:10.00%]
联创节能(300343) 90.31,5天3次倍量

通达信移动版,全新设计的专业证券投资软件...
iPad版下载:http://itunes.apple.com/cn/app/tong-da-xinhd/id617199309?mt=8 安卓手机版:http://www.tdx.com.cn/products/autoup/mobile/tdx_gphone.apk
#*tdxmail*#
2015-05-13,17:41 通达信预警通知 [金信诺(300252) 涨幅:9.91%]
金信诺(300252) 97.50,5天3次倍量

通达信移动版,全新设计的专业证券投资软件...
iPad版下载:http://itunes.apple.com/cn/app/tong-da-xinhd/id617199309?mt=8 安卓手机版:http://www.tdx.com.cn/products/autoup/mobile/tdx_gphone.apk
#*tdxmail*#
2015-05-13,17:41 通达信预警通知 [开能环保(300272) 涨幅:1.87%]
开能环保(300272) 22.31,5天3次倍量

通达信移动版,全新设计的专业证券投资软件...
iPad版下载:http://itunes.apple.com/cn/app/tong-da-xinhd/id617199309?mt=8 安卓手机版:http://www.tdx.com.cn/products/autoup/mobile/tdx_gphone.apk
#*tdxmail*#
2015-05-13,17:41 通达信预警通知 [扬子新材(002652) 涨幅:3.44%]
扬子新材(002652) 13.82,5天3次倍量

通达信移动版,全新设计的专业证券投资软件...
iPad版下载:http://itunes.apple.com/cn/app/tong-da-xinhd/id617199309?mt=8 安卓手机版:http://www.tdx.com.cn/products/autoup/mobile/tdx_gphone.apk
#*tdxmail*#
2015-05-13,17:42 通达信预警通知 [辉丰股份(002496) 涨幅:1.99%]
辉丰股份(002496) 31.22,5天3次倍量

通达信移动版,全新设计的专业证券投资软件...
iPad版下载:http://itunes.apple.com/cn/app/tong-da-xinhd/id617199309?mt=8 安卓手机版:http://www.tdx.com.cn/products/autoup/mobile/tdx_gphone.apk
#*tdxmail*#
2015-05-13,17:42 通达信预警通知 [万里扬(002434) 涨幅:1.93%]
万里扬(002434) 26.98,5天3次倍量

通达信移动版,全新设计的专业证券投资软件...
iPad版下载:http://itunes.apple.com/cn/app/tong-da-xinhd/id617199309?mt=8 安卓手机版:http://www.tdx.com.cn/products/autoup/mobile/tdx_gphone.apk
#*tdxmail*#
2015-05-13,17:42 通达信预警通知 [证通电子(002197) 涨幅:10.01%]
证通电子(002197) 51.34,5天3次倍量

通达信移动版,全新设计的专业证券投资软件...
iPad版下载:http://itunes.apple.com/cn/app/tong-da-xinhd/id617199309?mt=8 安卓手机版:http://www.tdx.com.cn/products/autoup/mobile/tdx_gphone.apk
#*tdxmail*#
2015-05-13,17:42 通达信预警通知 [华帝股份(002035) 涨幅:1.69%]
华帝股份(002035) 17.42,5天3次倍量

通达信移动版,全新设计的专业证券投资软件...
iPad版下载:http://itunes.apple.com/cn/app/tong-da-xinhd/id617199309?mt=8 安卓手机版:http://www.tdx.com.cn/products/autoup/mobile/tdx_gphone.apk
#*tdxmail*#
2015-05-13,17:42 通达信预警通知 [威 尔 泰(002058) 涨幅:4.21%]
威 尔 泰(002058) 19.55,5天3次倍量

通达信移动版,全新设计的专业证券投资软件...
iPad版下载:http://itunes.apple.com/cn/app/tong-da-xinhd/id617199309?mt=8 安卓手机版:http://www.tdx.com.cn/products/autoup/mobile/tdx_gphone.apk
#*tdxmail*#
2015-05-13,17:42 通达信预警通知 [蓝鼎控股(000971) 涨幅:9.99%]
蓝鼎控股(000971) 38.74,5天3次倍量

通达信移动版,全新设计的专业证券投资软件...
iPad版下载:http://itunes.apple.com/cn/app/tong-da-xinhd/id617199309?mt=8 安卓手机版:http://www.tdx.com.cn/products/autoup/mobile/tdx_gphone.apk
#*tdxmail*#
2015-05-13,17:42 通达信预警通知 [湖北广电(000665) 涨幅:5.52%]
湖北广电(000665) 22.92,5天3次倍量

通达信移动版,全新设计的专业证券投资软件...
iPad版下载:http://itunes.apple.com/cn/app/tong-da-xinhd/id617199309?mt=8 安卓手机版:http://www.tdx.com.cn/products/autoup/mobile/tdx_gphone.apk
#*tdxmail*#
2015-05-14,09:25 通达信预警通知 [电光科技(002730) 涨幅:5.59%]
电光科技(002730) 34.00,5天3次倍量

通达信移动版,全新设计的专业证券投资软件...
iPad版下载:http://itunes.apple.com/cn/app/tong-da-xinhd/id617199309?mt=8 安卓手机版:http://www.tdx.com.cn/products/autoup/mobile/tdx_gphone.apk
#*tdxmail*#
2015-05-14,09:25 通达信预警通知 [好想你(002582) 涨幅:3.67%]
好想你(002582) 32.50,5天3次倍量

通达信移动版,全新设计的专业证券投资软件...
iPad版下载:http://itunes.apple.com/cn/app/tong-da-xinhd/id617199309?mt=8 安卓手机版:http://www.tdx.com.cn/products/autoup/mobile/tdx_gphone.apk
#*tdxmail*#
2015-05-14,09:25 通达信预警通知 [八菱科技(002592) 涨幅:3.44%]
八菱科技(002592) 32.18,5天3次倍量

通达信移动版,全新设计的专业证券投资软件...
iPad版下载:http://itunes.apple.com/cn/app/tong-da-xinhd/id617199309?mt=8 安卓手机版:http://www.tdx.com.cn/products/autoup/mobile/tdx_gphone.apk
#*tdxmail*#
2015-05-14,09:26 通达信预警通知 [星光农机(603789) 涨幅:8.41%]
星光农机(603789) 41.00,5天3次倍量

通达信移动版,全新设计的专业证券投资软件...
iPad版下载:http://itunes.apple.com/cn/app/tong-da-xinhd/id617199309?mt=8 安卓手机版:http://www.tdx.com.cn/products/autoup/mobile/tdx_gphone.apk
#*tdxmail*#
2015-05-14,09:26 通达信预警通知 [界龙实业(600836) 涨幅:3.03%]
界龙实业(600836) 26.50,5天3次倍量

通达信移动版,全新设计的专业证券投资软件...
iPad版下载:http://itunes.apple.com/cn/app/tong-da-xinhd/id617199309?mt=8 安卓手机版:http://www.tdx.com.cn/products/autoup/mobile/tdx_gphone.apk
#*tdxmail*#
2015-05-14,09:27 通达信预警通知 [联创节能(300343) 涨幅:5.75%]
联创节能(300343) 95.50,5天3次倍量

通达信移动版,全新设计的专业证券投资软件...
iPad版下载:http://itunes.apple.com/cn/app/tong-da-xinhd/id617199309?mt=8 安卓手机版:http://www.tdx.com.cn/products/autoup/mobile/tdx_gphone.apk
#*tdxmail*#
2015-05-14,09:30 通达信预警通知 [禾嘉股份(600093) 涨幅:2.98%]
禾嘉股份(600093) 19.35,5天3次倍量

通达信移动版,全新设计的专业证券投资软件...
iPad版下载:http://itunes.apple.com/cn/app/tong-da-xinhd/id617199309?mt=8 安卓手机版:http://www.tdx.com.cn/products/autoup/mobile/tdx_gphone.apk
#*tdxmail*#
2015-05-14,09:30 通达信预警通知 [上海新阳(300236) 涨幅:5.80%]
上海新阳(300236) 57.80,5天3次倍量

通达信移动版,全新设计的专业证券投资软件...
iPad版下载:http://itunes.apple.com/cn/app/tong-da-xinhd/id617199309?mt=8 安卓手机版:http://www.tdx.com.cn/products/autoup/mobile/tdx_gphone.apk
#*tdxmail*#
2015-05-14,09:30 通达信预警通知 [新国都(300130) 涨幅:4.49%]
新国都(300130) 115.00,5天3次倍量

通达信移动版,全新设计的专业证券投资软件...
iPad版下载:http://itunes.apple.com/cn/app/tong-da-xinhd/id617199309?mt=8 安卓手机版:http://www.tdx.com.cn/products/autoup/mobile/tdx_gphone.apk
#*tdxmail*#
2015-05-14,09:31 通达信预警通知 [漫步者(002351) 涨幅:3.33%]
漫步者(002351) 31.37,5天3次倍量

通达信移动版,全新设计的专业证券投资软件...
iPad版下载:http://itunes.apple.com/cn/app/tong-da-xinhd/id617199309?mt=8 安卓手机版:http://www.tdx.com.cn/products/autoup/mobile/tdx_gphone.apk
#*tdxmail*#
2015-05-14,09:31 通达信预警通知 [浔兴股份(002098) 涨幅:4.30%]
浔兴股份(002098) 30.10,5天3次倍量

通达信移动版,全新设计的专业证券投资软件...
iPad版下载:http://itunes.apple.com/cn/app/tong-da-xinhd/id617199309?mt=8 安卓手机版:http://www.tdx.com.cn/products/autoup/mobile/tdx_gphone.apk
#*tdxmail*#
2015-05-14,09:32 通达信预警通知 [百大集团(600865) 涨幅:2.48%]
百大集团(600865) 18.98,5天3次倍量

通达信移动版,全新设计的专业证券投资软件...
iPad版下载:http://itunes.apple.com/cn/app/tong-da-xinhd/id617199309?mt=8 安卓手机版:http://www.tdx.com.cn/products/autoup/mobile/tdx_gphone.apk
#*tdxmail*#
2015-05-14,09:32 通达信预警通知 [中国高科(600730) 涨幅:1.61%]
中国高科(600730) 30.90,5天3次倍量

通达信移动版,全新设计的专业证券投资软件...
iPad版下载:http://itunes.apple.com/cn/app/tong-da-xinhd/id617199309?mt=8 安卓手机版:http://www.tdx.com.cn/products/autoup/mobile/tdx_gphone.apk
#*tdxmail*#
2015-05-14,09:32 通达信预警通知 [豫光金铅(600531) 涨幅:2.66%]
豫光金铅(600531) 18.90,5天3次倍量

通达信移动版,全新设计的专业证券投资软件...
iPad版下载:http://itunes.apple.com/cn/app/tong-da-xinhd/id617199309?mt=8 安卓手机版:http://www.tdx.com.cn/products/autoup/mobile/tdx_gphone.apk
#*tdxmail*#
2015-05-14,09:33 通达信预警通知 [煌上煌(002695) 涨幅:1.66%]
煌上煌(002695) 40.93,5天3次倍量

通达信移动版,全新设计的专业证券投资软件...
iPad版下载:http://itunes.apple.com/cn/app/tong-da-xinhd/id617199309?mt=8 安卓手机版:http://www.tdx.com.cn/products/autoup/mobile/tdx_gphone.apk
#*tdxmail*#
2015-05-14,09:33 通达信预警通知 [丰东股份(002530) 涨幅:4.11%]
丰东股份(002530) 15.45,5天3次倍量

通达信移动版,全新设计的专业证券投资软件...
iPad版下载:http://itunes.apple.com/cn/app/tong-da-xinhd/id617199309?mt=8 安卓手机版:http://www.tdx.com.cn/products/autoup/mobile/tdx_gphone.apk
#*tdxmail*#
2015-05-14,09:33 通达信预警通知 [春兴精工(002547) 涨幅:2.49%]
春兴精工(002547) 26.31,5天3次倍量

通达信移动版,全新设计的专业证券投资软件...
iPad版下载:http://itunes.apple.com/cn/app/tong-da-xinhd/id617199309?mt=8 安卓手机版:http://www.tdx.com.cn/products/autoup/mobile/tdx_gphone.apk
#*tdxmail*#
2015-05-14,09:34 通达信预警通知 [美盈森(002303) 涨幅:1.74%]
美盈森(002303) 35.05,5天3次倍量

通达信移动版,全新设计的专业证券投资软件...
iPad版下载:http://itunes.apple.com/cn/app/tong-da-xinhd/id617199309?mt=8 安卓手机版:http://www.tdx.com.cn/products/autoup/mobile/tdx_gphone.apk
#*tdxmail*#
2015-05-14,09:34 通达信预警通知 [雪 莱 特(002076) 涨幅:2.89%]
雪 莱 特(002076) 14.59,5天3次倍量

通达信移动版,全新设计的专业证券投资软件...
iPad版下载:http://itunes.apple.com/cn/app/tong-da-xinhd/id617199309?mt=8 安卓手机版:http://www.tdx.com.cn/products/autoup/mobile/tdx_gphone.apk
#*tdxmail*#
2015-05-14,09:36 通达信预警通知 [铁汉生态(300197) 涨幅:4.20%]
铁汉生态(300197) 26.55,5天3次倍量

通达信移动版,全新设计的专业证券投资软件...
iPad版下载:http://itunes.apple.com/cn/app/tong-da-xinhd/id617199309?mt=8 安卓手机版:http://www.tdx.com.cn/products/autoup/mobile/tdx_gphone.apk
#*tdxmail*#
2015-05-14,09:36 通达信预警通知 [登云股份(002715) 涨幅:1.77%]
登云股份(002715) 45.50,5天3次倍量

通达信移动版,全新设计的专业证券投资软件...
iPad版下载:http://itunes.apple.com/cn/app/tong-da-xinhd/id617199309?mt=8 安卓手机版:http://www.tdx.com.cn/products/autoup/mobile/tdx_gphone.apk
#*tdxmail*#
2015-05-14,09:36 通达信预警通知 [兴业科技(002674) 涨幅:2.32%]
兴业科技(002674) 18.49,5天3次倍量

通达信移动版,全新设计的专业证券投资软件...
iPad版下载:http://itunes.apple.com/cn/app/tong-da-xinhd/id617199309?mt=8 安卓手机版:http://www.tdx.com.cn/products/autoup/mobile/tdx_gphone.apk
#*tdxmail*#
2015-05-14,09:36 通达信预警通知 [众生药业(002317) 涨幅:2.73%]
众生药业(002317) 30.10,5天3次倍量

通达信移动版,全新设计的专业证券投资软件...
iPad版下载:http://itunes.apple.com/cn/app/tong-da-xinhd/id617199309?mt=8 安卓手机版:http://www.tdx.com.cn/products/autoup/mobile/tdx_gphone.apk
#*tdxmail*#
2015-05-14,09:39 通达信预警通知 [南通锻压(300280) 涨幅:2.92%]
南通锻压(300280) 37.00,5天3次倍量

通达信移动版,全新设计的专业证券投资软件...
iPad版下载:http://itunes.apple.com/cn/app/tong-da-xinhd/id617199309?mt=8 安卓手机版:http://www.tdx.com.cn/products/autoup/mobile/tdx_gphone.apk
#*tdxmail*#
2015-05-14,09:41 通达信预警通知 [南京新百(600682) 涨幅:4.55%]
南京新百(600682) 69.69,5天3次倍量

通达信移动版,全新设计的专业证券投资软件...
iPad版下载:http://itunes.apple.com/cn/app/tong-da-xinhd/id617199309?mt=8 安卓手机版:http://www.tdx.com.cn/products/autoup/mobile/tdx_gphone.apk
#*tdxmail*#
2015-05-14,09:53 通达信预警通知 [雅本化学(300261) 涨幅:2.19%]
雅本化学(300261) 22.85,5天3次倍量

通达信移动版,全新设计的专业证券投资软件...
iPad版下载:http://itunes.apple.com/cn/app/tong-da-xinhd/id617199309?mt=8 安卓手机版:http://www.tdx.com.cn/products/autoup/mobile/tdx_gphone.apk
#*tdxmail*#
2015-05-14,10:03 通达信预警通知 [合金投资(000633) 涨幅:2.14%]
合金投资(000633) 19.07,5天3次倍量

通达信移动版,全新设计的专业证券投资软件...
iPad版下载:http://itunes.apple.com/cn/app/tong-da-xinhd/id617199309?mt=8 安卓手机版:http://www.tdx.com.cn/products/autoup/mobile/tdx_gphone.apk
#*tdxmail*#
2015-05-14,10:17 通达信预警通知 [特  力Ａ(000025) 涨幅:1.82%]
特  力Ａ(000025) 20.09,5天3次倍量

通达信移动版,全新设计的专业证券投资软件...
iPad版下载:http://itunes.apple.com/cn/app/tong-da-xinhd/id617199309?mt=8 安卓手机版:http://www.tdx.com.cn/products/autoup/mobile/tdx_gphone.apk
#*tdxmail*#
2015-05-14,10:58 通达信预警通知 [华东重机(002685) 涨幅:2.15%]
华东重机(002685) 16.12,5天3次倍量

通达信移动版,全新设计的专业证券投资软件...
iPad版下载:http://itunes.apple.com/cn/app/tong-da-xinhd/id617199309?mt=8 安卓手机版:http://www.tdx.com.cn/products/autoup/mobile/tdx_gphone.apk
#*tdxmail*#
2015-05-14,11:04 通达信预警通知 [金一文化(002721) 涨幅:2.10%]
金一文化(002721) 59.67,5天3次倍量

通达信移动版,全新设计的专业证券投资软件...
iPad版下载:http://itunes.apple.com/cn/app/tong-da-xinhd/id617199309?mt=8 安卓手机版:http://www.tdx.com.cn/products/autoup/mobile/tdx_gphone.apk
#*tdxmail*#
2015-05-14,11:11 通达信预警通知 [深深宝Ａ(000019) 涨幅:1.76%]
深深宝Ａ(000019) 15.05,5天3次倍量

通达信移动版,全新设计的专业证券投资软件...
iPad版下载:http://itunes.apple.com/cn/app/tong-da-xinhd/id617199309?mt=8 安卓手机版:http://www.tdx.com.cn/products/autoup/mobile/tdx_gphone.apk
#*tdxmail*#
2015-05-14,13:44 通达信预警通知 [雷鸣科化(600985) 涨幅:2.43%]
雷鸣科化(600985) 24.00,5天3次倍量

通达信移动版,全新设计的专业证券投资软件...
iPad版下载:http://itunes.apple.com/cn/app/tong-da-xinhd/id617199309?mt=8 安卓手机版:http://www.tdx.com.cn/products/autoup/mobile/tdx_gphone.apk
#*tdxmail*#
2015-05-14,18:30 通达信预警通知 [星光农机(603789) 涨幅:9.99%]
星光农机(603789) 41.60,5天3次倍量

通达信移动版,全新设计的专业证券投资软件...
iPad版下载:http://itunes.apple.com/cn/app/tong-da-xinhd/id617199309?mt=8 安卓手机版:http://www.tdx.com.cn/products/autoup/mobile/tdx_gphone.apk
#*tdxmail*#
2015-05-14,18:30 通达信预警通知 [百大集团(600865) 涨幅:6.48%]
百大集团(600865) 19.72,5天3次倍量

通达信移动版,全新设计的专业证券投资软件...
iPad版下载:http://itunes.apple.com/cn/app/tong-da-xinhd/id617199309?mt=8 安卓手机版:http://www.tdx.com.cn/products/autoup/mobile/tdx_gphone.apk
#*tdxmail*#
2015-05-14,18:32 通达信预警通知 [好想你(002582) 涨幅:5.61%]
好想你(002582) 33.11,5天3次倍量

通达信移动版,全新设计的专业证券投资软件...
iPad版下载:http://itunes.apple.com/cn/app/tong-da-xinhd/id617199309?mt=8 安卓手机版:http://www.tdx.com.cn/products/autoup/mobile/tdx_gphone.apk
#*tdxmail*#
2015-05-14,18:33 通达信预警通知 [八菱科技(002592) 涨幅:10.00%]
八菱科技(002592) 34.22,5天3次倍量

通达信移动版,全新设计的专业证券投资软件...
iPad版下载:http://itunes.apple.com/cn/app/tong-da-xinhd/id617199309?mt=8 安卓手机版:http://www.tdx.com.cn/products/autoup/mobile/tdx_gphone.apk
#*tdxmail*#
2015-05-14,18:33 通达信预警通知 [漫步者(002351) 涨幅:5.14%]
漫步者(002351) 31.92,5天3次倍量

通达信移动版,全新设计的专业证券投资软件...
iPad版下载:http://itunes.apple.com/cn/app/tong-da-xinhd/id617199309?mt=8 安卓手机版:http://www.tdx.com.cn/products/autoup/mobile/tdx_gphone.apk
#*tdxmail*#
2015-05-14,18:33 通达信预警通知 [美盈森(002303) 涨幅:2.18%]
美盈森(002303) 35.20,5天3次倍量

通达信移动版,全新设计的专业证券投资软件...
iPad版下载:http://itunes.apple.com/cn/app/tong-da-xinhd/id617199309?mt=8 安卓手机版:http://www.tdx.com.cn/products/autoup/mobile/tdx_gphone.apk
#*tdxmail*#
2015-05-14,18:33 通达信预警通知 [雪 莱 特(002076) 涨幅:10.01%]
雪 莱 特(002076) 15.60,5天3次倍量

通达信移动版,全新设计的专业证券投资软件...
iPad版下载:http://itunes.apple.com/cn/app/tong-da-xinhd/id617199309?mt=8 安卓手机版:http://www.tdx.com.cn/products/autoup/mobile/tdx_gphone.apk
#*tdxmail*#
2015-05-14,18:33 通达信预警通知 [浔兴股份(002098) 涨幅:10.01%]
浔兴股份(002098) 31.75,5天3次倍量

通达信移动版,全新设计的专业证券投资软件...
iPad版下载:http://itunes.apple.com/cn/app/tong-da-xinhd/id617199309?mt=8 安卓手机版:http://www.tdx.com.cn/products/autoup/mobile/tdx_gphone.apk
#*tdxmail*#
2015-05-14,18:34 通达信预警通知 [深深宝Ａ(000019) 涨幅:2.30%]
深深宝Ａ(000019) 15.13,5天3次倍量

通达信移动版,全新设计的专业证券投资软件...
iPad版下载:http://itunes.apple.com/cn/app/tong-da-xinhd/id617199309?mt=8 安卓手机版:http://www.tdx.com.cn/products/autoup/mobile/tdx_gphone.apk
#*tdxmail*#
2015-05-14,18:38 通达信预警通知 [豫光金铅(600531) 涨幅:1.74%]
豫光金铅(600531) 18.73,5天3次倍量

通达信移动版,全新设计的专业证券投资软件...
iPad版下载:http://itunes.apple.com/cn/app/tong-da-xinhd/id617199309?mt=8 安卓手机版:http://www.tdx.com.cn/products/autoup/mobile/tdx_gphone.apk
#*tdxmail*#
2015-05-14,18:38 通达信预警通知 [南通锻压(300280) 涨幅:1.53%]
南通锻压(300280) 36.50,5天3次倍量

通达信移动版,全新设计的专业证券投资软件...
iPad版下载:http://itunes.apple.com/cn/app/tong-da-xinhd/id617199309?mt=8 安卓手机版:http://www.tdx.com.cn/products/autoup/mobile/tdx_gphone.apk
#*tdxmail*#
2015-05-14,18:38 通达信预警通知 [上海新阳(300236) 涨幅:9.99%]
上海新阳(300236) 60.09,5天3次倍量

通达信移动版,全新设计的专业证券投资软件...
iPad版下载:http://itunes.apple.com/cn/app/tong-da-xinhd/id617199309?mt=8 安卓手机版:http://www.tdx.com.cn/products/autoup/mobile/tdx_gphone.apk
#*tdxmail*#
2015-05-14,18:38 通达信预警通知 [雅本化学(300261) 涨幅:10.02%]
雅本化学(300261) 24.60,5天3次倍量

通达信移动版,全新设计的专业证券投资软件...
iPad版下载:http://itunes.apple.com/cn/app/tong-da-xinhd/id617199309?mt=8 安卓手机版:http://www.tdx.com.cn/products/autoup/mobile/tdx_gphone.apk
#*tdxmail*#
2017-03-06,16:41 通达信预警通知 [康斯特(300445) 涨幅:1.14%]
康斯特(300445) 26.70,价位上破

通达信个人版商城 http://vip.tdx.com.cn/site/app/level2/
关注通达信微博 http://weibo.com/tongdaxin
#*tdxmail*#
2017-03-06,16:41 通达信预警通知 [全志科技(300458) 涨幅:0.72%]
全志科技(300458) 77.29,价位上破

通达信个人版商城 http://vip.tdx.com.cn/site/app/level2/
关注通达信微博 http://weibo.com/tongdaxin
#*tdxmail*#
2017-03-06,16:51 通达信预警通知 [歌尔股份(002241) 涨幅:3.20%]
歌尔股份(002241) 31.96,回补向下缺口

通达信个人版商城 http://vip.tdx.com.cn/site/app/level2/
关注通达信微博 http://weibo.com/tongdaxin
#*tdxmail*#
2017-03-06,16:51 通达信预警通知 [大华股份(002236) 涨幅:0.98%]
大华股份(002236) 15.51,回补向下缺口

通达信个人版商城 http://vip.tdx.com.cn/site/app/level2/
关注通达信微博 http://weibo.com/tongdaxin
#*tdxmail*#
2017-03-06,16:51 通达信预警通知 [天宝股份(002220) 涨幅:0.58%]
天宝股份(002220) 12.15,回补向下缺口

通达信个人版商城 http://vip.tdx.com.cn/site/app/level2/
关注通达信微博 http://weibo.com/tongdaxin
#*tdxmail*#
2017-03-06,16:51 通达信预警通知 [海 利 得(002206) 涨幅:1.69%]
海 利 得(002206) 19.31,回补向下缺口

通达信个人版商城 http://vip.tdx.com.cn/site/app/level2/
关注通达信微博 http://weibo.com/tongdaxin
#*tdxmail*#
2017-03-06,16:51 通达信预警通知 [全 聚 德(002186) 涨幅:1.23%]
全 聚 德(002186) 23.07,回补向下缺口

通达信个人版商城 http://vip.tdx.com.cn/site/app/level2/
关注通达信微博 http://weibo.com/tongdaxin
#*tdxmail*#
2017-03-06,16:51 通达信预警通知 [兴森科技(002436) 涨幅:2.16%]
兴森科技(002436) 7.56,价位上破

通达信个人版商城 http://vip.tdx.com.cn/site/app/level2/
关注通达信微博 http://weibo.com/tongdaxin
#*tdxmail*#
2017-03-06,16:51 通达信预警通知 [启明星辰(002439) 涨幅:1.37%]
启明星辰(002439) 22.27,价位上破

通达信个人版商城 http://vip.tdx.com.cn/site/app/level2/
关注通达信微博 http://weibo.com/tongdaxin
#*tdxmail*#
2017-03-06,16:51 通达信预警通知 [常宝股份(002478) 涨幅:3.75%]
常宝股份(002478) 14.39,回补向下缺口

通达信个人版商城 http://vip.tdx.com.cn/site/app/level2/
关注通达信微博 http://weibo.com/tongdaxin
#*tdxmail*#
2017-03-06,16:51 通达信预警通知 [天齐锂业(002466) 涨幅:-0.26%]
天齐锂业(002466) 38.65,回补向下缺口

通达信个人版商城 http://vip.tdx.com.cn/site/app/level2/
关注通达信微博 http://weibo.com/tongdaxin
#*tdxmail*#
2017-03-06,16:51 通达信预警通知 [赣锋锂业(002460) 涨幅:3.46%]
赣锋锂业(002460) 32.86,回补向下缺口

通达信个人版商城 http://vip.tdx.com.cn/site/app/level2/
关注通达信微博 http://weibo.com/tongdaxin
#*tdxmail*#
2017-03-06,16:51 通达信预警通知 [中南文化(002445) 涨幅:0.73%]
中南文化(002445) 16.59,回补向下缺口

通达信个人版商城 http://vip.tdx.com.cn/site/app/level2/
关注通达信微博 http://weibo.com/tongdaxin
#*tdxmail*#
2017-03-06,16:51 通达信预警通知 [万润股份(002643) 涨幅:1.33%]
万润股份(002643) 38.81,价位上破

通达信个人版商城 http://vip.tdx.com.cn/site/app/level2/
关注通达信微博 http://weibo.com/tongdaxin
#*tdxmail*#
2017-03-06,16:52 通达信预警通知 [亿利达(002686) 涨幅:1.91%]
亿利达(002686) 16.01,价位上破

通达信个人版商城 http://vip.tdx.com.cn/site/app/level2/
关注通达信微博 http://weibo.com/tongdaxin
#*tdxmail*#
2017-03-06,16:52 通达信预警通知 [天赐材料(002709) 涨幅:-0.52%]
天赐材料(002709) 53.69,回补向下缺口

通达信个人版商城 http://vip.tdx.com.cn/site/app/level2/
关注通达信微博 http://weibo.com/tongdaxin
#*tdxmail*#
2017-03-06,16:52 通达信预警通知 [奥马电器(002668) 涨幅:3.49%]
奥马电器(002668) 77.00,回补向下缺口

通达信个人版商城 http://vip.tdx.com.cn/site/app/level2/
关注通达信微博 http://weibo.com/tongdaxin
#*tdxmail*#
2017-03-06,16:52 通达信预警通知 [桂发祥(002820) 涨幅:10.00%]
桂发祥(002820) 50.26,回补向下缺口

通达信个人版商城 http://vip.tdx.com.cn/site/app/level2/
关注通达信微博 http://weibo.com/tongdaxin
#*tdxmail*#
2017-03-06,16:52 通达信预警通知 [仙坛股份(002746) 涨幅:-0.04%]
仙坛股份(002746) 46.07,回补向下缺口

通达信个人版商城 http://vip.tdx.com.cn/site/app/level2/
关注通达信微博 http://weibo.com/tongdaxin
#*tdxmail*#
2017-03-06,16:52 通达信预警通知 [赛为智能(300044) 涨幅:10.02%]
赛为智能(300044) 18.01,回补向下缺口

通达信个人版商城 http://vip.tdx.com.cn/site/app/level2/
关注通达信微博 http://weibo.com/tongdaxin
#*tdxmail*#
2017-03-06,16:52 通达信预警通知 [宝通科技(300031) 涨幅:3.02%]
宝通科技(300031) 23.16,回补向下缺口

通达信个人版商城 http://vip.tdx.com.cn/site/app/level2/
关注通达信微博 http://weibo.com/tongdaxin
#*tdxmail*#
2017-03-06,16:52 通达信预警通知 [天龙光电(300029) 涨幅:1.53%]
天龙光电(300029) 13.94,回补向下缺口

通达信个人版商城 http://vip.tdx.com.cn/site/app/level2/
关注通达信微博 http://weibo.com/tongdaxin
#*tdxmail*#
2017-03-06,16:52 通达信预警通知 [硅宝科技(300019) 涨幅:0.95%]
硅宝科技(300019) 13.88,回补向下缺口

通达信个人版商城 http://vip.tdx.com.cn/site/app/level2/
关注通达信微博 http://weibo.com/tongdaxin
#*tdxmail*#
2017-03-06,16:52 通达信预警通知 [东方国信(300166) 涨幅:0.90%]
东方国信(300166) 21.41,价位上破

通达信个人版商城 http://vip.tdx.com.cn/site/app/level2/
关注通达信微博 http://weibo.com/tongdaxin
#*tdxmail*#
2017-03-06,16:52 通达信预警通知 [四方达(300179) 涨幅:1.82%]
四方达(300179) 7.85,价位上破

通达信个人版商城 http://vip.tdx.com.cn/site/app/level2/
关注通达信微博 http://weibo.com/tongdaxin
#*tdxmail*#
2017-03-06,16:52 通达信预警通知 [东软载波(300183) 涨幅:3.51%]
东软载波(300183) 25.67,价位上破

通达信个人版商城 http://vip.tdx.com.cn/site/app/level2/
关注通达信微博 http://weibo.com/tongdaxin
#*tdxmail*#
2017-03-06,16:52 通达信预警通知 [聚龙股份(300202) 涨幅:1.09%]
聚龙股份(300202) 21.33,价位上破

通达信个人版商城 http://vip.tdx.com.cn/site/app/level2/
关注通达信微博 http://weibo.com/tongdaxin
#*tdxmail*#
2017-03-06,16:52 通达信预警通知 [科大智能(300222) 涨幅:10.02%]
科大智能(300222) 23.38,价位上破

通达信个人版商城 http://vip.tdx.com.cn/site/app/level2/
关注通达信微博 http://weibo.com/tongdaxin
#*tdxmail*#
2017-03-06,16:52 通达信预警通知 [科大智能(300222) 涨幅:10.02%]
科大智能(300222) 23.38,回补向下缺口

通达信个人版商城 http://vip.tdx.com.cn/site/app/level2/
关注通达信微博 http://weibo.com/tongdaxin
#*tdxmail*#
2017-03-06,16:52 通达信预警通知 [理邦仪器(300206) 涨幅:1.10%]
理邦仪器(300206) 9.22,回补向下缺口

通达信个人版商城 http://vip.tdx.com.cn/site/app/level2/
关注通达信微博 http://weibo.com/tongdaxin
#*tdxmail*#
2017-03-06,16:52 通达信预警通知 [福安药业(300194) 涨幅:0.97%]
福安药业(300194) 26.14,回补向下缺口

通达信个人版商城 http://vip.tdx.com.cn/site/app/level2/
关注通达信微博 http://weibo.com/tongdaxin
#*tdxmail*#
2017-03-06,16:52 通达信预警通知 [迪威视讯(300167) 涨幅:1.57%]
迪威视讯(300167) 15.50,回补向下缺口

通达信个人版商城 http://vip.tdx.com.cn/site/app/level2/
关注通达信微博 http://weibo.com/tongdaxin
#*tdxmail*#
2017-03-06,16:52 通达信预警通知 [光一科技(300356) 涨幅:0.61%]
光一科技(300356) 33.16,回补向下缺口

通达信个人版商城 http://vip.tdx.com.cn/site/app/level2/
关注通达信微博 http://weibo.com/tongdaxin
#*tdxmail*#
2017-03-06,16:52 通达信预警通知 [科恒股份(300340) 涨幅:10.00%]
科恒股份(300340) 60.74,回补向下缺口

通达信个人版商城 http://vip.tdx.com.cn/site/app/level2/
关注通达信微博 http://weibo.com/tongdaxin
#*tdxmail*#
2017-03-06,16:52 通达信预警通知 [兆日科技(300333) 涨幅:1.99%]
兆日科技(300333) 15.88,回补向下缺口

通达信个人版商城 http://vip.tdx.com.cn/site/app/level2/
关注通达信微博 http://weibo.com/tongdaxin
#*tdxmail*#
2017-03-06,16:52 通达信预警通知 [苏大维格(300331) 涨幅:1.34%]
苏大维格(300331) 27.20,回补向下缺口

通达信个人版商城 http://vip.tdx.com.cn/site/app/level2/
关注通达信微博 http://weibo.com/tongdaxin
#*tdxmail*#
2017-03-06,16:52 通达信预警通知 [天山生物(300313) 涨幅:3.03%]
天山生物(300313) 19.39,回补向下缺口

通达信个人版商城 http://vip.tdx.com.cn/site/app/level2/
关注通达信微博 http://weibo.com/tongdaxin
#*tdxmail*#
2017-03-06,16:52 通达信预警通知 [唐德影视(300426) 涨幅:3.83%]
唐德影视(300426) 27.63,回补向下缺口

通达信个人版商城 http://vip.tdx.com.cn/site/app/level2/
关注通达信微博 http://weibo.com/tongdaxin
#*tdxmail*#
2017-03-06,16:52 通达信预警通知 [环能科技(300425) 涨幅:0.42%]
环能科技(300425) 28.40,回补向下缺口

通达信个人版商城 http://vip.tdx.com.cn/site/app/level2/
关注通达信微博 http://weibo.com/tongdaxin
#*tdxmail*#
2017-03-06,16:52 通达信预警通知 [苏试试验(300416) 涨幅:6.24%]
苏试试验(300416) 35.60,回补向下缺口

通达信个人版商城 http://vip.tdx.com.cn/site/app/level2/
关注通达信微博 http://weibo.com/tongdaxin
#*tdxmail*#
2017-03-06,16:53 通达信预警通知 [山东钢铁(600022) 涨幅:1.08%]
山东钢铁(600022) 2.81,价位下破

通达信个人版商城 http://vip.tdx.com.cn/site/app/level2/
关注通达信微博 http://weibo.com/tongdaxin
#*tdxmail*#
2017-03-06,16:53 通达信预警通知 [*ST商城(600306) 涨幅:2.29%]
*ST商城(600306) 16.11,回补向下缺口

通达信个人版商城 http://vip.tdx.com.cn/site/app/level2/
关注通达信微博 http://weibo.com/tongdaxin
#*tdxmail*#
2017-03-06,16:53 通达信预警通知 [贵研铂业(600459) 涨幅:0.38%]
贵研铂业(600459) 26.58,回补向下缺口

通达信个人版商城 http://vip.tdx.com.cn/site/app/level2/
关注通达信微博 http://weibo.com/tongdaxin
#*tdxmail*#
2017-03-06,16:53 通达信预警通知 [*ST吉恩(600432) 涨幅:5.08%]
*ST吉恩(600432) 6.83,回补向下缺口

通达信个人版商城 http://vip.tdx.com.cn/site/app/level2/
关注通达信微博 http://weibo.com/tongdaxin
#*tdxmail*#
2017-03-06,16:53 通达信预警通知 [长园集团(600525) 涨幅:4.69%]
长园集团(600525) 15.39,回补向下缺口

通达信个人版商城 http://vip.tdx.com.cn/site/app/level2/
关注通达信微博 http://weibo.com/tongdaxin
#*tdxmail*#
2017-03-06,16:53 通达信预警通知 [方大炭素(600516) 涨幅:-0.52%]
方大炭素(600516) 9.62,回补向下缺口

通达信个人版商城 http://vip.tdx.com.cn/site/app/level2/
关注通达信微博 http://weibo.com/tongdaxin
#*tdxmail*#
2017-03-06,16:53 通达信预警通知 [航天通信(600677) 涨幅:1.87%]
航天通信(600677) 19.04,价位上破

通达信个人版商城 http://vip.tdx.com.cn/site/app/level2/
关注通达信微博 http://weibo.com/tongdaxin
#*tdxmail*#
2017-03-06,16:53 通达信预警通知 [爱建集团(600643) 涨幅:-0.49%]
爱建集团(600643) 14.13,回补向下缺口

通达信个人版商城 http://vip.tdx.com.cn/site/app/level2/
关注通达信微博 http://weibo.com/tongdaxin
#*tdxmail*#
2017-03-06,16:53 通达信预警通知 [号百控股(600640) 涨幅:0.10%]
号百控股(600640) 20.11,回补向下缺口

通达信个人版商城 http://vip.tdx.com.cn/site/app/level2/
关注通达信微博 http://weibo.com/tongdaxin
#*tdxmail*#
2017-03-06,16:53 通达信预警通知 [华鑫股份(600621) 涨幅:-0.93%]
华鑫股份(600621) 14.99,回补向下缺口

通达信个人版商城 http://vip.tdx.com.cn/site/app/level2/
关注通达信微博 http://weibo.com/tongdaxin
#*tdxmail*#
2017-03-06,16:53 通达信预警通知 [亚泰集团(600881) 涨幅:1.53%]
亚泰集团(600881) 5.97,价位下破

通达信个人版商城 http://vip.tdx.com.cn/site/app/level2/
关注通达信微博 http://weibo.com/tongdaxin
#*tdxmail*#
2017-03-06,16:54 通达信预警通知 [君正集团(601216) 涨幅:-0.19%]
君正集团(601216) 5.39,回补向下缺口

通达信个人版商城 http://vip.tdx.com.cn/site/app/level2/
关注通达信微博 http://weibo.com/tongdaxin
#*tdxmail*#
2017-03-07,09:27 通达信预警通知 [号百控股(600640) 涨幅:0.50%]
号百控股(600640) 20.21,回补向下缺口

通达信个人版商城 http://vip.tdx.com.cn/site/app/level2/
关注通达信微博 http://weibo.com/tongdaxin
#*tdxmail*#
2017-03-07,09:27 通达信预警通知 [*ST黑豹(600760) 涨幅:4.19%]
*ST黑豹(600760) 32.60,回补向下缺口

通达信个人版商城 http://vip.tdx.com.cn/site/app/level2/
关注通达信微博 http://weibo.com/tongdaxin
#*tdxmail*#
2017-03-07,13:37 通达信预警通知 [汇金通(603577) 涨幅:9.46%]
汇金通(603577) 42.35,回补向下缺口

通达信个人版商城 http://vip.tdx.com.cn/site/app/level2/
关注通达信微博 http://weibo.com/tongdaxin
#*tdxmail*#
2017-03-07,13:37 通达信预警通知 [新天然气(603393) 涨幅:3.53%]
新天然气(603393) 52.25,回补向下缺口

通达信个人版商城 http://vip.tdx.com.cn/site/app/level2/
关注通达信微博 http://weibo.com/tongdaxin
#*tdxmail*#
2017-03-07,13:50 通达信预警通知 [三江购物(601116) 涨幅:2.64%]
三江购物(601116) 35.33,回补向下缺口

通达信个人版商城 http://vip.tdx.com.cn/site/app/level2/
关注通达信微博 http://weibo.com/tongdaxin
#*tdxmail*#
2017-03-07,14:09 通达信预警通知 [网宿科技(300017) 涨幅:6.41%]
网宿科技(300017) 53.78,回补向下缺口

通达信个人版商城 http://vip.tdx.com.cn/site/app/level2/
关注通达信微博 http://weibo.com/tongdaxin
#*tdxmail*#
2017-03-07,14:54 通达信预警通知 [神力股份(603819) 涨幅:3.43%]
神力股份(603819) 41.88,回补向下缺口

通达信个人版商城 http://vip.tdx.com.cn/site/app/level2/
关注通达信微博 http://weibo.com/tongdaxin
#*tdxmail*#
2017-03-07,15:13 通达信预警通知 [吉大通信(300597) 涨幅:6.12%]
吉大通信(300597) 30.51,回补向下缺口

通达信个人版商城 http://vip.tdx.com.cn/site/app/level2/
关注通达信微博 http://weibo.com/tongdaxin
#*tdxmail*#
2017-03-08,08:35 通达信预警通知 [京汉股份(000615) 涨幅:8.19%]
京汉股份(000615) 11.89,回补向下缺口

通达信个人版商城 http://vip.tdx.com.cn/site/app/level2/
关注通达信微博 http://weibo.com/tongdaxin
#*tdxmail*#
2017-03-08,08:36 通达信预警通知 [梦网荣信(002123) 涨幅:2.62%]
梦网荣信(002123) 15.29,回补向下缺口

通达信个人版商城 http://vip.tdx.com.cn/site/app/level2/
关注通达信微博 http://weibo.com/tongdaxin
#*tdxmail*#
2017-03-08,08:36 通达信预警通知 [久其软件(002279) 涨幅:4.15%]
久其软件(002279) 18.83,回补向下缺口

通达信个人版商城 http://vip.tdx.com.cn/site/app/level2/
关注通达信微博 http://weibo.com/tongdaxin
#*tdxmail*#
2017-03-08,08:36 通达信预警通知 [燕塘乳业(002732) 涨幅:3.36%]
燕塘乳业(002732) 35.95,回补向下缺口

通达信个人版商城 http://vip.tdx.com.cn/site/app/level2/
关注通达信微博 http://weibo.com/tongdaxin
#*tdxmail*#
2017-03-08,08:36 通达信预警通知 [麦趣尔(002719) 涨幅:4.51%]
麦趣尔(002719) 47.54,回补向下缺口

通达信个人版商城 http://vip.tdx.com.cn/site/app/level2/
关注通达信微博 http://weibo.com/tongdaxin
#*tdxmail*#
2017-03-08,08:36 通达信预警通知 [东方中科(002819) 涨幅:10.01%]
东方中科(002819) 43.96,回补向下缺口

通达信个人版商城 http://vip.tdx.com.cn/site/app/level2/
关注通达信微博 http://weibo.com/tongdaxin
#*tdxmail*#
2017-03-08,08:36 通达信预警通知 [文科园林(002775) 涨幅:2.15%]
文科园林(002775) 22.84,回补向下缺口

通达信个人版商城 http://vip.tdx.com.cn/site/app/level2/
关注通达信微博 http://weibo.com/tongdaxin
#*tdxmail*#
2017-03-08,08:36 通达信预警通知 [网宿科技(300017) 涨幅:7.36%]
网宿科技(300017) 54.26,回补向下缺口

通达信个人版商城 http://vip.tdx.com.cn/site/app/level2/
关注通达信微博 http://weibo.com/tongdaxin
#*tdxmail*#
2017-03-08,08:37 通达信预警通知 [飞天诚信(300386) 涨幅:3.07%]
飞天诚信(300386) 24.20,回补向下缺口

通达信个人版商城 http://vip.tdx.com.cn/site/app/level2/
关注通达信微博 http://weibo.com/tongdaxin
#*tdxmail*#
2017-03-08,08:37 通达信预警通知 [陇神戎发(300534) 涨幅:2.18%]
陇神戎发(300534) 53.40,回补向下缺口

通达信个人版商城 http://vip.tdx.com.cn/site/app/level2/
关注通达信微博 http://weibo.com/tongdaxin
#*tdxmail*#
2017-03-08,08:37 通达信预警通知 [华资实业(600191) 涨幅:2.50%]
华资实业(600191) 11.50,回补向下缺口

通达信个人版商城 http://vip.tdx.com.cn/site/app/level2/
关注通达信微博 http://weibo.com/tongdaxin
#*tdxmail*#
2017-03-08,08:37 通达信预警通知 [西昌电力(600505) 涨幅:2.14%]
西昌电力(600505) 10.96,回补向下缺口

通达信个人版商城 http://vip.tdx.com.cn/site/app/level2/
关注通达信微博 http://weibo.com/tongdaxin
#*tdxmail*#
2017-03-08,08:38 通达信预警通知 [方正科技(600601) 涨幅:3.69%]
方正科技(600601) 4.78,回补向下缺口

通达信个人版商城 http://vip.tdx.com.cn/site/app/level2/
关注通达信微博 http://weibo.com/tongdaxin
#*tdxmail*#
2017-03-08,08:38 通达信预警通知 [锦江投资(600650) 涨幅:3.36%]
锦江投资(600650) 24.28,回补向下缺口

通达信个人版商城 http://vip.tdx.com.cn/site/app/level2/
关注通达信微博 http://weibo.com/tongdaxin
#*tdxmail*#
2017-03-08,08:38 通达信预警通知 [万林股份(603117) 涨幅:2.58%]
万林股份(603117) 16.33,回补向下缺口

通达信个人版商城 http://vip.tdx.com.cn/site/app/level2/
关注通达信微博 http://weibo.com/tongdaxin
#*tdxmail*#
2017-03-08,08:38 通达信预警通知 [森特股份(603098) 涨幅:10.00%]
森特股份(603098) 26.73,回补向下缺口

通达信个人版商城 http://vip.tdx.com.cn/site/app/level2/
关注通达信微博 http://weibo.com/tongdaxin
#*tdxmail*#
2017-03-08,08:38 通达信预警通知 [汇金通(603577) 涨幅:10.00%]
汇金通(603577) 42.56,回补向下缺口

通达信个人版商城 http://vip.tdx.com.cn/site/app/level2/
关注通达信微博 http://weibo.com/tongdaxin
#*tdxmail*#
2017-03-08,08:38 通达信预警通知 [中通国脉(603559) 涨幅:2.34%]
中通国脉(603559) 56.93,回补向下缺口

通达信个人版商城 http://vip.tdx.com.cn/site/app/level2/
关注通达信微博 http://weibo.com/tongdaxin
#*tdxmail*#
2017-03-08,08:38 通达信预警通知 [新天然气(603393) 涨幅:3.35%]
新天然气(603393) 52.16,回补向下缺口

通达信个人版商城 http://vip.tdx.com.cn/site/app/level2/
关注通达信微博 http://weibo.com/tongdaxin
#*tdxmail*#
2017-03-08,08:38 通达信预警通知 [神力股份(603819) 涨幅:3.46%]
神力股份(603819) 41.89,回补向下缺口

通达信个人版商城 http://vip.tdx.com.cn/site/app/level2/
关注通达信微博 http://weibo.com/tongdaxin
#*tdxmail*#
2017-03-08,08:39 通达信预警通知 [濮耐股份(002225) 涨幅:3.26%]
濮耐股份(002225) 6.66,回补向下缺口

通达信个人版商城 http://vip.tdx.com.cn/site/app/level2/
关注通达信微博 http://weibo.com/tongdaxin
#*tdxmail*#
2017-03-08,08:41 通达信预警通知 [明星电力(600101) 涨幅:2.19%]
明星电力(600101) 12.58,回补向下缺口

通达信个人版商城 http://vip.tdx.com.cn/site/app/level2/
关注通达信微博 http://weibo.com/tongdaxin
#*tdxmail*#
2017-03-08,08:41 通达信预警通知 [广州发展(600098) 涨幅:10.00%]
广州发展(600098) 12.32,回补向下缺口

通达信个人版商城 http://vip.tdx.com.cn/site/app/level2/
关注通达信微博 http://weibo.com/tongdaxin
#*tdxmail*#
2017-03-08,08:41 通达信预警通知 [康欣新材(600076) 涨幅:6.34%]
康欣新材(600076) 9.89,回补向下缺口

通达信个人版商城 http://vip.tdx.com.cn/site/app/level2/
关注通达信微博 http://weibo.com/tongdaxin
#*tdxmail*#
2017-03-08,09:25 通达信预警通知 [利尔化学(002258) 涨幅:2.15%]
利尔化学(002258) 13.77,回补向下缺口

通达信个人版商城 http://vip.tdx.com.cn/site/app/level2/
关注通达信微博 http://weibo.com/tongdaxin
#*tdxmail*#
2017-03-08,09:35 通达信预警通知 [亚太股份(002284) 涨幅:2.95%]
亚太股份(002284) 13.95,回补向下缺口

通达信个人版商城 http://vip.tdx.com.cn/site/app/level2/
关注通达信微博 http://weibo.com/tongdaxin
#*tdxmail*#
2017-03-08,09:39 通达信预警通知 [万安科技(002590) 涨幅:2.45%]
万安科技(002590) 18.85,回补向下缺口

通达信个人版商城 http://vip.tdx.com.cn/site/app/level2/
关注通达信微博 http://weibo.com/tongdaxin
#*tdxmail*#
2017-03-08,09:40 通达信预警通知 [仰帆控股(600421) 涨幅:3.05%]
仰帆控股(600421) 20.24,回补向下缺口

通达信个人版商城 http://vip.tdx.com.cn/site/app/level2/
关注通达信微博 http://weibo.com/tongdaxin
#*tdxmail*#
2017-03-08,09:42 通达信预警通知 [同洲电子(002052) 涨幅:5.48%]
同洲电子(002052) 10.40,回补向下缺口

通达信个人版商城 http://vip.tdx.com.cn/site/app/level2/
关注通达信微博 http://weibo.com/tongdaxin
#*tdxmail*#
2017-03-08,09:42 通达信预警通知 [友邦吊顶(002718) 涨幅:7.17%]
友邦吊顶(002718) 72.80,回补向下缺口

通达信个人版商城 http://vip.tdx.com.cn/site/app/level2/
关注通达信微博 http://weibo.com/tongdaxin
#*tdxmail*#
2017-03-08,09:45 通达信预警通知 [山大华特(000915) 涨幅:2.50%]
山大华特(000915) 41.90,回补向下缺口

通达信个人版商城 http://vip.tdx.com.cn/site/app/level2/
关注通达信微博 http://weibo.com/tongdaxin
#*tdxmail*#
2017-03-08,09:55 通达信预警通知 [智度股份(000676) 涨幅:2.54%]
智度股份(000676) 18.14,回补向下缺口

通达信个人版商城 http://vip.tdx.com.cn/site/app/level2/
关注通达信微博 http://weibo.com/tongdaxin
#*tdxmail*#
2017-03-08,09:57 通达信预警通知 [北方导航(600435) 涨幅:5.26%]
北方导航(600435) 16.22,回补向下缺口

通达信个人版商城 http://vip.tdx.com.cn/site/app/level2/
关注通达信微博 http://weibo.com/tongdaxin
#*tdxmail*#
2017-03-08,10:09 通达信预警通知 [太阳电缆(002300) 涨幅:2.45%]
太阳电缆(002300) 15.04,回补向下缺口

通达信个人版商城 http://vip.tdx.com.cn/site/app/level2/
关注通达信微博 http://weibo.com/tongdaxin
#*tdxmail*#
2017-03-08,10:09 通达信预警通知 [通达股份(002560) 涨幅:2.04%]
通达股份(002560) 12.52,回补向下缺口

通达信个人版商城 http://vip.tdx.com.cn/site/app/level2/
关注通达信微博 http://weibo.com/tongdaxin
#*tdxmail*#
2017-03-08,10:14 通达信预警通知 [湖南海利(600731) 涨幅:2.55%]
湖南海利(600731) 11.24,回补向下缺口

通达信个人版商城 http://vip.tdx.com.cn/site/app/level2/
关注通达信微博 http://weibo.com/tongdaxin
#*tdxmail*#
2017-03-08,11:16 通达信预警通知 [云意电气(300304) 涨幅:2.96%]
云意电气(300304) 16.71,回补向下缺口

通达信个人版商城 http://vip.tdx.com.cn/site/app/level2/
关注通达信微博 http://weibo.com/tongdaxin
#*tdxmail*#
2017-03-08,11:25 通达信预警通知 [轴研科技(002046) 涨幅:2.20%]
轴研科技(002046) 13.94,回补向下缺口

通达信个人版商城 http://vip.tdx.com.cn/site/app/level2/
关注通达信微博 http://weibo.com/tongdaxin
#*tdxmail*#
2017-03-08,13:21 通达信预警通知 [国创高新(002377) 涨幅:7.00%]
国创高新(002377) 11.00,回补向下缺口

通达信个人版商城 http://vip.tdx.com.cn/site/app/level2/
关注通达信微博 http://weibo.com/tongdaxin
#*tdxmail*#
2017-03-08,13:27 通达信预警通知 [杭齿前进(601177) 涨幅:2.03%]
杭齿前进(601177) 11.54,回补向下缺口

通达信个人版商城 http://vip.tdx.com.cn/site/app/level2/
关注通达信微博 http://weibo.com/tongdaxin
#*tdxmail*#
2017-03-08,14:28 通达信预警通知 [新亚制程(002388) 涨幅:2.45%]
新亚制程(002388) 13.40,回补向下缺口

通达信个人版商城 http://vip.tdx.com.cn/site/app/level2/
关注通达信微博 http://weibo.com/tongdaxin
#*tdxmail*#
2017-03-08,14:52 通达信预警通知 [三聚环保(300072) 涨幅:2.04%]
三聚环保(300072) 48.58,回补向下缺口

通达信个人版商城 http://vip.tdx.com.cn/site/app/level2/
关注通达信微博 http://weibo.com/tongdaxin
#*tdxmail*#
2017-03-09,09:26 通达信预警通知 [精达股份(600577) 涨幅:4.45%]
精达股份(600577) 7.04,回补向下缺口

通达信个人版商城 http://vip.tdx.com.cn/site/app/level2/
关注通达信微博 http://weibo.com/tongdaxin
#*tdxmail*#
2017-03-09,09:27 通达信预警通知 [智度股份(000676) 涨幅:0.00%]
智度股份(000676) 18.50,回补向下缺口

通达信个人版商城 http://vip.tdx.com.cn/site/app/level2/
关注通达信微博 http://weibo.com/tongdaxin
#*tdxmail*#
2017-03-09,09:27 通达信预警通知 [山大华特(000915) 涨幅:-0.79%]
山大华特(000915) 42.51,回补向下缺口

通达信个人版商城 http://vip.tdx.com.cn/site/app/level2/
关注通达信微博 http://weibo.com/tongdaxin
#*tdxmail*#
2017-03-09,09:28 通达信预警通知 [太阳电缆(002300) 涨幅:2.35%]
太阳电缆(002300) 16.53,回补向下缺口

通达信个人版商城 http://vip.tdx.com.cn/site/app/level2/
关注通达信微博 http://weibo.com/tongdaxin
#*tdxmail*#
2017-03-09,09:28 通达信预警通知 [利尔化学(002258) 涨幅:1.38%]
利尔化学(002258) 13.98,回补向下缺口

通达信个人版商城 http://vip.tdx.com.cn/site/app/level2/
关注通达信微博 http://weibo.com/tongdaxin
#*tdxmail*#
2017-03-09,09:28 通达信预警通知 [三江购物(601116) 涨幅:2.98%]
三江购物(601116) 36.30,回补向下缺口

通达信个人版商城 http://vip.tdx.com.cn/site/app/level2/
关注通达信微博 http://weibo.com/tongdaxin
#*tdxmail*#
2017-03-09,09:28 通达信预警通知 [友邦吊顶(002718) 涨幅:1.73%]
友邦吊顶(002718) 71.73,回补向下缺口

通达信个人版商城 http://vip.tdx.com.cn/site/app/level2/
关注通达信微博 http://weibo.com/tongdaxin
#*tdxmail*#
2017-03-09,09:36 通达信预警通知 [仰帆控股(600421) 涨幅:0.60%]
仰帆控股(600421) 20.11,回补向下缺口

通达信个人版商城 http://vip.tdx.com.cn/site/app/level2/
关注通达信微博 http://weibo.com/tongdaxin
#*tdxmail*#
2017-03-09,09:39 通达信预警通知 [华仪电气(600290) 涨幅:1.99%]
华仪电气(600290) 11.77,回补向下缺口

通达信个人版商城 http://vip.tdx.com.cn/site/app/level2/
关注通达信微博 http://weibo.com/tongdaxin
#*tdxmail*#
2017-03-09,09:39 通达信预警通知 [北方导航(600435) 涨幅:-0.49%]
北方导航(600435) 16.10,回补向下缺口

通达信个人版商城 http://vip.tdx.com.cn/site/app/level2/
关注通达信微博 http://weibo.com/tongdaxin
#*tdxmail*#
2017-03-09,09:40 通达信预警通知 [格力电器(000651) 涨幅:2.71%]
格力电器(000651) 28.85,回补向下缺口

通达信个人版商城 http://vip.tdx.com.cn/site/app/level2/
关注通达信微博 http://weibo.com/tongdaxin
#*tdxmail*#
2017-03-09,09:41 通达信预警通知 [万丰奥威(002085) 涨幅:5.09%]
万丰奥威(002085) 18.99,回补向下缺口

通达信个人版商城 http://vip.tdx.com.cn/site/app/level2/
关注通达信微博 http://weibo.com/tongdaxin
#*tdxmail*#
2017-03-09,09:41 通达信预警通知 [精华制药(002349) 涨幅:2.64%]
精华制药(002349) 25.65,回补向下缺口

通达信个人版商城 http://vip.tdx.com.cn/site/app/level2/
关注通达信微博 http://weibo.com/tongdaxin
#*tdxmail*#
2017-03-09,09:42 通达信预警通知 [三聚环保(300072) 涨幅:0.62%]
三聚环保(300072) 48.80,回补向下缺口

通达信个人版商城 http://vip.tdx.com.cn/site/app/level2/
关注通达信微博 http://weibo.com/tongdaxin
#*tdxmail*#
2017-03-09,09:55 通达信预警通知 [龙源技术(300105) 涨幅:3.61%]
龙源技术(300105) 9.19,回补向下缺口

通达信个人版商城 http://vip.tdx.com.cn/site/app/level2/
关注通达信微博 http://weibo.com/tongdaxin
#*tdxmail*#
2017-03-09,10:00 通达信预警通知 [杭齿前进(601177) 涨幅:1.66%]
杭齿前进(601177) 11.63,回补向下缺口

通达信个人版商城 http://vip.tdx.com.cn/site/app/level2/
关注通达信微博 http://weibo.com/tongdaxin
#*tdxmail*#
2017-03-09,10:20 通达信预警通知 [湖南海利(600731) 涨幅:0.09%]
湖南海利(600731) 11.20,回补向下缺口

通达信个人版商城 http://vip.tdx.com.cn/site/app/level2/
关注通达信微博 http://weibo.com/tongdaxin
#*tdxmail*#
2017-03-09,10:28 通达信预警通知 [梅泰诺(300038) 涨幅:2.01%]
梅泰诺(300038) 43.60,回补向下缺口

通达信个人版商城 http://vip.tdx.com.cn/site/app/level2/
关注通达信微博 http://weibo.com/tongdaxin
#*tdxmail*#
2017-03-09,10:40 通达信预警通知 [康德莱(603987) 涨幅:2.60%]
康德莱(603987) 31.92,回补向下缺口

通达信个人版商城 http://vip.tdx.com.cn/site/app/level2/
关注通达信微博 http://weibo.com/tongdaxin
#*tdxmail*#
2017-03-09,11:27 通达信预警通知 [珠海中富(000659) 涨幅:1.92%]
珠海中富(000659) 6.36,回补向下缺口

通达信个人版商城 http://vip.tdx.com.cn/site/app/level2/
关注通达信微博 http://weibo.com/tongdaxin
#*tdxmail*#
2017-03-09,13:14 通达信预警通知 [新亚制程(002388) 涨幅:1.05%]
新亚制程(002388) 13.44,回补向下缺口

通达信个人版商城 http://vip.tdx.com.cn/site/app/level2/
关注通达信微博 http://weibo.com/tongdaxin
#*tdxmail*#
2017-03-09,13:29 通达信预警通知 [网达软件(603189) 涨幅:9.99%]
网达软件(603189) 34.36,回补向下缺口

通达信个人版商城 http://vip.tdx.com.cn/site/app/level2/
关注通达信微博 http://weibo.com/tongdaxin
#*tdxmail*#
2017-03-09,13:39 通达信预警通知 [茂业商业(600828) 涨幅:3.86%]
茂业商业(600828) 8.88,回补向下缺口

通达信个人版商城 http://vip.tdx.com.cn/site/app/level2/
关注通达信微博 http://weibo.com/tongdaxin
#*tdxmail*#
2017-03-09,14:41 通达信预警通知 [西陇科学(002584) 涨幅:8.31%]
西陇科学(002584) 15.90,回补向下缺口

通达信个人版商城 http://vip.tdx.com.cn/site/app/level2/
关注通达信微博 http://weibo.com/tongdaxin
#*tdxmail*#
2017-03-09,14:48 通达信预警通知 [纳川股份(300198) 涨幅:4.76%]
纳川股份(300198) 7.49,回补向下缺口

通达信个人版商城 http://vip.tdx.com.cn/site/app/level2/
关注通达信微博 http://weibo.com/tongdaxin
