2017-09-02 开启--------------------
16:33:04:265 版本:V7.35
16:33:10:911 获取zhb.zip并解压
16:33:10:916 更新C:\Program Files (x86)\new_tdx\zdcomte.dat
00:00:00:229 系统时间:23:59->00:00
2017-09-03 00:00:33 关闭-----------

2017-09-03 开启--------------------
00:00:33:423 版本:V7.35
08:50:00:254 获取zhb.zip并解压
08:50:00:254 更新C:\Program Files (x86)\new_tdx\zdcomte.dat
2017-09-04 开启--------------------
09:26:26:854 版本:V7.35
2017-09-04 17:39:59 关闭-----------

2017-09-04 开启--------------------
21:13:52:456 版本:V7.35
00:00:01:117 系统时间:23:59->00:00
2017-09-05 00:00:33 关闭-----------

2017-09-05 开启--------------------
00:00:33:886 版本:V7.35
09:17:59:171 获取zhb.zip并解压
09:17:59:178 更新C:\Program Files (x86)\new_tdx\zdcomte.dat
2017-09-05 17:00:35 关闭-----------

2017-09-05 开启--------------------
17:00:35:798 版本:V7.35
00:00:00:913 系统时间:23:59->00:00
2017-09-06 00:00:33 关闭-----------

2017-09-06 开启--------------------
00:00:33:649 版本:V7.35
09:14:02:551 获取zhb.zip并解压
09:14:02:558 更新C:\Program Files (x86)\new_tdx\zdcomte.dat
2017-09-06 12:46:09 关闭-----------

2017-09-06 开启--------------------
13:19:31:715 版本:V7.35
00:00:02:343 系统时间:23:59->00:00
2017-09-07 00:00:35 关闭-----------

2017-09-07 开启--------------------
00:00:35:449 版本:V7.35
09:31:53:818 获取zhb.zip并解压
09:31:53:821 更新C:\Program Files (x86)\new_tdx\zdcomte.dat
00:00:02:345 系统时间:23:59->00:00
2017-09-08 00:00:34 关闭-----------

2017-09-08 开启--------------------
00:00:34:842 版本:V7.35
09:26:06:001 获取zhb.zip并解压
09:26:06:006 更新C:\Program Files (x86)\new_tdx\zdcomte.dat
2017-09-09 开启--------------------
17:25:05:612 版本:V7.35
17:25:09:072 获取zhb.zip并解压
17:25:09:094 更新C:\Program Files (x86)\new_tdx\zdcomte.dat
2017-09-09 开启--------------------
20:33:16:430 版本:V7.35
2017-09-09 22:04:41 关闭-----------

2017-09-11 开启--------------------
09:31:56:259 版本:V7.35
09:32:00:325 获取zhb.zip并解压
09:32:00:335 更新C:\Program Files (x86)\new_tdx\zdcomte.dat
00:00:01:563 系统时间:23:59->00:00
2017-09-12 00:00:34 关闭-----------

2017-09-12 开启--------------------
00:00:35:192 版本:V7.35
2017-09-12 开启--------------------
09:02:56:309 版本:V7.35
09:04:21:649 获取zhb.zip并解压
09:04:21:654 更新C:\Program Files (x86)\new_tdx\zdcomte.dat
2017-09-12 开启--------------------
11:08:40:702 版本:V7.35
2017-09-12 22:32:32 关闭-----------

2017-09-12 开启--------------------
22:38:07:758 版本:V7.35
22:38:13:288 获取zhb.zip并解压
22:38:13:292 更新C:\Program Files (x86)\new_tdx\zdcomte.dat
00:00:00:590 系统时间:23:59->00:00
2017-09-13 00:00:33 关闭-----------

2017-09-13 开启--------------------
00:00:34:040 版本:V7.35
2017-09-13 00:26:23 关闭-----------

2017-09-13 开启--------------------
08:51:57:553 版本:V7.35
08:52:02:750 获取zhb.zip并解压
08:52:02:754 更新C:\Program Files (x86)\new_tdx\zdcomte.dat
2017-09-13 09:01:14 关闭-----------

2017-09-13 开启--------------------
09:02:22:955 版本:V7.35
2017-09-13 09:02:25 关闭-----------

2017-09-13 开启--------------------
09:28:15:974 版本:V7.35
2017-09-13 09:30:57 关闭-----------

2017-09-13 开启--------------------
09:36:38:891 版本:V7.35
2017-09-13 09:37:25 关闭-----------

2017-09-13 开启--------------------
09:37:26:524 版本:V7.35
2017-09-13 09:37:41 关闭-----------

2017-09-13 开启--------------------
09:42:14:751 版本:V7.35
2017-09-13 11:53:03 关闭-----------

2017-09-13 开启--------------------
12:33:37:348 版本:V7.35
2017-09-13 19:19:38 关闭-----------

2017-09-13 开启--------------------
19:19:48:848 版本:V7.35
2017-09-13 19:30:02 关闭-----------

